[2025-12-12 15:33:44,177] [INFO] ===== Federated Distillation: Config Summary =====
[2025-12-12 15:33:44,177] [INFO] Dataset            : fmnist
[2025-12-12 15:33:44,177] [INFO] Num clients        : 10
[2025-12-12 15:33:44,177] [INFO] Partition type     : dirichlet
[2025-12-12 15:33:44,177] [INFO] Dirichlet alpha    : 0.5
[2025-12-12 15:33:44,177] [INFO] Num rounds         : 50
[2025-12-12 15:33:44,177] [INFO] Clients per round  : 10
[2025-12-12 15:33:44,177] [INFO] Attack enabled     : False
[2025-12-12 15:33:44,178] [INFO] Attack name        : none
[2025-12-12 15:33:44,178] [INFO] Defense enabled    : False
[2025-12-12 15:33:44,178] [INFO] Defense name       : none
[2025-12-12 15:33:44,178] [INFO] Device             : cuda
[2025-12-12 15:33:44,178] [INFO] =================================================
[2025-12-12 16:33:10,903] [INFO] DataManager summary:
  Dataset: fmnist
  Num clients: 10
  Public samples: 5400
  Private samples (total): 48600
  Private per client: {0: 6124, 1: 2170, 2: 4873, 3: 2905, 4: 4383, 5: 5336, 6: 9014, 7: 2512, 8: 7952, 9: 3331}

[2025-12-12 16:33:11,125] [INFO] Starting federated distillation: rounds=50, clients_per_round=10, num_clients_total=10
[2025-12-12 16:33:11,125] [INFO] === Round 1/50 ===
[2025-12-12 16:33:11,126] [INFO] Selected clients: [8, 1, 5, 0, 7, 2, 9, 4, 3, 6]
[2025-12-12 16:33:17,473] [INFO] Round 1 avg KD loss on public data: 0.0105
[2025-12-12 16:33:17,474] [INFO] Round 1: running 3 local epochs on private data for selected clients.
[2025-12-12 16:33:30,649] [INFO]   Client 8: avg private loss = 0.5393
[2025-12-12 16:33:43,007] [INFO]   Client 1: avg private loss = 1.0737
[2025-12-12 16:33:55,760] [INFO]   Client 5: avg private loss = 0.7054
[2025-12-12 16:34:08,583] [INFO]   Client 0: avg private loss = 0.5401
[2025-12-12 16:34:20,941] [INFO]   Client 7: avg private loss = 0.5741
[2025-12-12 16:34:33,637] [INFO]   Client 2: avg private loss = 0.5385
[2025-12-12 16:34:46,782] [INFO]   Client 9: avg private loss = 0.8095
[2025-12-12 16:34:59,874] [INFO]   Client 4: avg private loss = 0.6850
[2025-12-12 16:35:13,034] [INFO]   Client 3: avg private loss = 1.0096
[2025-12-12 16:35:26,975] [INFO]   Client 6: avg private loss = 0.5325
[2025-12-12 16:35:26,975] [INFO] Evaluating at round 1...
[2025-12-12 16:35:34,263] [INFO] [Round 1] Val loss: 0.8051, Val acc: 76.90%, Test loss: 0.8136, Test acc: 76.65%, Test AvgConf: 0.7931, Test ECE: 0.0314, Test KS: 0.4886, (eval_time=7.29s)
[2025-12-12 16:35:34,264] [INFO] === Round 2/50 ===
[2025-12-12 16:35:34,264] [INFO] Selected clients: [0, 1, 8, 5, 3, 4, 7, 9, 6, 2]
[2025-12-12 16:35:40,643] [INFO] Round 2 avg KD loss on public data: 0.2373
[2025-12-12 16:35:40,644] [INFO] Round 2: running 3 local epochs on private data for selected clients.
[2025-12-12 16:35:53,988] [INFO]   Client 0: avg private loss = 0.3747
[2025-12-12 16:36:06,848] [INFO]   Client 1: avg private loss = 0.6197
[2025-12-12 16:36:20,612] [INFO]   Client 8: avg private loss = 0.2788
[2025-12-12 16:36:33,708] [INFO]   Client 5: avg private loss = 0.4007
[2025-12-12 16:36:46,574] [INFO]   Client 3: avg private loss = 0.6470
[2025-12-12 16:36:59,645] [INFO]   Client 4: avg private loss = 0.4320
[2025-12-12 16:37:12,269] [INFO]   Client 7: avg private loss = 0.3029
[2025-12-12 16:37:25,118] [INFO]   Client 9: avg private loss = 0.4604
[2025-12-12 16:37:38,741] [INFO]   Client 6: avg private loss = 0.2871
[2025-12-12 16:37:52,064] [INFO]   Client 2: avg private loss = 0.3316
[2025-12-12 16:37:52,065] [INFO] Evaluating at round 2...
[2025-12-12 16:37:59,432] [INFO] [Round 2] Val loss: 2.2190, Val acc: 39.92%, Test loss: 2.2403, Test acc: 39.17%, Test AvgConf: 0.8266, Test ECE: 0.4349, Test KS: 0.4847, (eval_time=7.37s)
[2025-12-12 16:37:59,433] [INFO] === Round 3/50 ===
[2025-12-12 16:37:59,433] [INFO] Selected clients: [9, 2, 0, 6, 8, 5, 3, 7, 1, 4]
[2025-12-12 16:38:05,547] [INFO] Round 3 avg KD loss on public data: 0.2228
[2025-12-12 16:38:05,547] [INFO] Round 3: running 3 local epochs on private data for selected clients.
[2025-12-12 16:38:18,311] [INFO]   Client 9: avg private loss = 0.3251
[2025-12-12 16:38:31,340] [INFO]   Client 2: avg private loss = 0.2047
[2025-12-12 16:38:44,431] [INFO]   Client 0: avg private loss = 0.2774
[2025-12-12 16:38:58,205] [INFO]   Client 6: avg private loss = 0.2086
[2025-12-12 16:39:11,815] [INFO]   Client 8: avg private loss = 0.1967
[2025-12-12 16:39:24,929] [INFO]   Client 5: avg private loss = 0.2885
[2025-12-12 16:39:37,957] [INFO]   Client 3: avg private loss = 0.4687
[2025-12-12 16:39:50,939] [INFO]   Client 7: avg private loss = 0.1617
[2025-12-12 16:40:03,489] [INFO]   Client 1: avg private loss = 0.4452
[2025-12-12 16:40:16,382] [INFO]   Client 4: avg private loss = 0.3217
[2025-12-12 16:40:16,382] [INFO] Evaluating at round 3...
[2025-12-12 16:40:23,507] [INFO] [Round 3] Val loss: 1.2431, Val acc: 60.08%, Test loss: 1.2841, Test acc: 59.00%, Test AvgConf: 0.7283, Test ECE: 0.1384, Test KS: 0.5703, (eval_time=7.12s)
[2025-12-12 16:40:23,508] [INFO] === Round 4/50 ===
[2025-12-12 16:40:23,508] [INFO] Selected clients: [1, 7, 6, 2, 8, 0, 3, 4, 5, 9]
[2025-12-12 16:40:29,500] [INFO] Round 4 avg KD loss on public data: 0.1601
[2025-12-12 16:40:29,500] [INFO] Round 4: running 3 local epochs on private data for selected clients.
[2025-12-12 16:40:42,071] [INFO]   Client 1: avg private loss = 0.3810
[2025-12-12 16:40:54,902] [INFO]   Client 7: avg private loss = 0.1251
[2025-12-12 16:41:08,411] [INFO]   Client 6: avg private loss = 0.1666
[2025-12-12 16:41:21,301] [INFO]   Client 2: avg private loss = 0.1642
[2025-12-12 16:41:34,671] [INFO]   Client 8: avg private loss = 0.1568
[2025-12-12 16:41:48,068] [INFO]   Client 0: avg private loss = 0.2295
[2025-12-12 16:42:00,886] [INFO]   Client 3: avg private loss = 0.3904
[2025-12-12 16:42:13,941] [INFO]   Client 4: avg private loss = 0.2668
[2025-12-12 16:42:27,394] [INFO]   Client 5: avg private loss = 0.2405
[2025-12-12 16:42:40,207] [INFO]   Client 9: avg private loss = 0.2751
[2025-12-12 16:42:40,207] [INFO] Evaluating at round 4...
[2025-12-12 16:42:47,343] [INFO] [Round 4] Val loss: 1.0129, Val acc: 63.27%, Test loss: 1.0388, Test acc: 63.01%, Test AvgConf: 0.7584, Test ECE: 0.1283, Test KS: 0.5686, (eval_time=7.14s)
[2025-12-12 16:42:47,344] [INFO] === Round 5/50 ===
[2025-12-12 16:42:47,344] [INFO] Selected clients: [1, 5, 4, 8, 0, 7, 6, 3, 2, 9]
[2025-12-12 16:42:53,495] [INFO] Round 5 avg KD loss on public data: 0.1361
[2025-12-12 16:42:53,495] [INFO] Round 5: running 3 local epochs on private data for selected clients.
[2025-12-12 16:43:06,185] [INFO]   Client 1: avg private loss = 0.3126
[2025-12-12 16:43:19,353] [INFO]   Client 5: avg private loss = 0.1846
[2025-12-12 16:43:32,102] [INFO]   Client 4: avg private loss = 0.2226
[2025-12-12 16:43:46,146] [INFO]   Client 8: avg private loss = 0.1264
[2025-12-12 16:43:59,767] [INFO]   Client 0: avg private loss = 0.1893
[2025-12-12 16:44:12,889] [INFO]   Client 7: avg private loss = 0.1038
[2025-12-12 16:44:26,529] [INFO]   Client 6: avg private loss = 0.1297
[2025-12-12 16:44:39,059] [INFO]   Client 3: avg private loss = 0.3286
[2025-12-12 16:44:52,395] [INFO]   Client 2: avg private loss = 0.1375
[2025-12-12 16:45:05,116] [INFO]   Client 9: avg private loss = 0.2120
[2025-12-12 16:45:05,116] [INFO] Evaluating at round 5...
[2025-12-12 16:45:12,275] [INFO] [Round 5] Val loss: 0.9092, Val acc: 66.15%, Test loss: 0.9348, Test acc: 66.37%, Test AvgConf: 0.7775, Test ECE: 0.1139, Test KS: 0.5587, (eval_time=7.16s)
[2025-12-12 16:45:12,276] [INFO] === Round 6/50 ===
[2025-12-12 16:45:12,276] [INFO] Selected clients: [8, 2, 5, 7, 3, 1, 9, 0, 4, 6]
[2025-12-12 16:45:17,821] [INFO] Round 6 avg KD loss on public data: 0.1247
[2025-12-12 16:45:17,821] [INFO] Round 6: running 3 local epochs on private data for selected clients.
[2025-12-12 16:45:31,131] [INFO]   Client 8: avg private loss = 0.1047
[2025-12-12 16:45:44,130] [INFO]   Client 2: avg private loss = 0.1127
[2025-12-12 16:45:56,943] [INFO]   Client 5: avg private loss = 0.1679
[2025-12-12 16:46:09,612] [INFO]   Client 7: avg private loss = 0.0829
[2025-12-12 16:46:22,105] [INFO]   Client 3: avg private loss = 0.2792
[2025-12-12 16:46:34,499] [INFO]   Client 1: avg private loss = 0.2975
[2025-12-12 16:46:47,294] [INFO]   Client 9: avg private loss = 0.1927
[2025-12-12 16:47:00,357] [INFO]   Client 0: avg private loss = 0.1790
[2025-12-12 16:47:13,141] [INFO]   Client 4: avg private loss = 0.1941
[2025-12-12 16:47:26,862] [INFO]   Client 6: avg private loss = 0.1051
[2025-12-12 16:47:26,862] [INFO] Evaluating at round 6...
[2025-12-12 16:47:34,299] [INFO] [Round 6] Val loss: 0.6060, Val acc: 82.30%, Test loss: 0.6231, Test acc: 82.25%, Test AvgConf: 0.8975, Test ECE: 0.0750, Test KS: 0.5202, (eval_time=7.44s)
[2025-12-12 16:47:34,300] [INFO] === Round 7/50 ===
[2025-12-12 16:47:34,300] [INFO] Selected clients: [0, 5, 2, 6, 3, 7, 4, 1, 8, 9]
[2025-12-12 16:47:40,050] [INFO] Round 7 avg KD loss on public data: 0.1192
[2025-12-12 16:47:40,050] [INFO] Round 7: running 3 local epochs on private data for selected clients.
[2025-12-12 16:47:54,748] [INFO] ===== Federated Distillation: Config Summary =====
[2025-12-12 16:47:54,748] [INFO] Dataset            : fmnist
[2025-12-12 16:47:54,748] [INFO] Num clients        : 10
[2025-12-12 16:47:54,749] [INFO] Partition type     : dirichlet
[2025-12-12 16:47:54,749] [INFO] Dirichlet alpha    : 0.5
[2025-12-12 16:47:54,749] [INFO] Num rounds         : 50
[2025-12-12 16:47:54,749] [INFO] Clients per round  : 10
[2025-12-12 16:47:54,749] [INFO] Attack enabled     : False
[2025-12-12 16:47:54,749] [INFO] Attack name        : none
[2025-12-12 16:47:54,749] [INFO] Defense enabled    : False
[2025-12-12 16:47:54,749] [INFO] Defense name       : none
[2025-12-12 16:47:54,749] [INFO] Device             : cuda
[2025-12-12 16:47:54,749] [INFO] =================================================
[2025-12-12 16:47:54,785] [INFO] DataManager summary:
  Dataset: fmnist
  Num clients: 10
  Public samples: 5400
  Private samples (total): 48600
  Private per client: {0: 6124, 1: 2170, 2: 4873, 3: 2905, 4: 4383, 5: 5336, 6: 9014, 7: 2512, 8: 7952, 9: 3331}

[2025-12-12 16:47:54,927] [INFO] Starting federated distillation: rounds=50, clients_per_round=10, num_clients_total=10
[2025-12-12 16:47:54,928] [INFO] === Round 1/50 ===
[2025-12-12 16:47:54,928] [INFO] Selected clients: [8, 1, 5, 0, 7, 2, 9, 4, 3, 6]
[2025-12-12 16:48:00,687] [INFO] Round 1 avg KD loss on public data: 0.0126
[2025-12-12 16:48:00,687] [INFO] Round 1: running 3 local epochs on private data for selected clients.
[2025-12-12 16:48:13,992] [INFO]   Client 8: avg private loss = 0.7011
[2025-12-12 16:48:26,505] [INFO]   Client 1: avg private loss = 1.2967
[2025-12-12 16:48:39,559] [INFO]   Client 5: avg private loss = 0.8762
[2025-12-12 16:48:52,566] [INFO]   Client 0: avg private loss = 0.6529
[2025-12-12 16:49:05,409] [INFO]   Client 7: avg private loss = 0.7273
[2025-12-12 16:49:18,860] [INFO]   Client 2: avg private loss = 0.6857
[2025-12-12 16:49:31,565] [INFO]   Client 9: avg private loss = 1.0047
[2025-12-12 16:49:44,293] [INFO]   Client 4: avg private loss = 0.8268
[2025-12-12 16:49:56,835] [INFO]   Client 3: avg private loss = 1.2005
[2025-12-12 16:50:11,177] [INFO]   Client 6: avg private loss = 0.6698
[2025-12-12 16:50:11,178] [INFO] Evaluating at round 1...
[2025-12-12 16:50:19,427] [INFO] [Round 1] Val loss: 0.9497, Val acc: 73.90%, Test loss: 0.9506, Test acc: 73.54%, Test AvgConf: 0.7190, Test ECE: 0.0338, Test KS: 0.4675, (eval_time=8.25s)
[2025-12-12 16:50:19,428] [INFO] === Round 2/50 ===
[2025-12-12 16:50:19,429] [INFO] Selected clients: [0, 1, 8, 5, 3, 4, 7, 9, 6, 2]
[2025-12-12 16:50:25,915] [INFO] Round 2 avg KD loss on public data: 0.2921
[2025-12-12 16:50:25,915] [INFO] Round 2: running 3 local epochs on private data for selected clients.
[2025-12-12 16:50:41,062] [INFO]   Client 0: avg private loss = 0.4169
[2025-12-12 16:50:57,654] [INFO]   Client 1: avg private loss = 0.7663
[2025-12-12 16:51:15,995] [INFO]   Client 8: avg private loss = 0.3507
[2025-12-12 16:51:32,809] [INFO]   Client 5: avg private loss = 0.4918
[2025-12-12 16:51:49,301] [INFO]   Client 3: avg private loss = 0.7533
[2025-12-12 16:52:06,227] [INFO]   Client 4: avg private loss = 0.5104
[2025-12-12 16:52:23,364] [INFO]   Client 7: avg private loss = 0.3875
[2025-12-12 16:52:41,810] [INFO]   Client 9: avg private loss = 0.5597
[2025-12-12 16:53:02,321] [INFO]   Client 6: avg private loss = 0.3621
[2025-12-12 16:53:21,636] [INFO]   Client 2: avg private loss = 0.3758
[2025-12-12 16:53:21,636] [INFO] Evaluating at round 2...
[2025-12-12 16:53:32,447] [INFO] [Round 2] Val loss: 2.5207, Val acc: 38.30%, Test loss: 2.5486, Test acc: 37.66%, Test AvgConf: 0.8215, Test ECE: 0.4449, Test KS: 0.4525, (eval_time=10.81s)
[2025-12-12 16:53:32,449] [INFO] === Round 3/50 ===
[2025-12-12 16:53:32,449] [INFO] Selected clients: [9, 2, 0, 6, 8, 5, 3, 7, 1, 4]
[2025-12-12 16:53:40,623] [INFO] Round 3 avg KD loss on public data: 0.2786
[2025-12-12 16:53:40,623] [INFO] Round 3: running 3 local epochs on private data for selected clients.
[2025-12-12 16:53:59,609] [INFO]   Client 9: avg private loss = 0.4291
[2025-12-12 16:54:18,586] [INFO]   Client 2: avg private loss = 0.2746
[2025-12-12 16:54:37,427] [INFO]   Client 0: avg private loss = 0.3379
[2025-12-12 16:54:59,084] [INFO]   Client 6: avg private loss = 0.2776
[2025-12-12 16:55:16,183] [INFO]   Client 8: avg private loss = 0.2713
[2025-12-12 16:55:31,250] [INFO]   Client 5: avg private loss = 0.3809
[2025-12-12 16:55:45,834] [INFO]   Client 3: avg private loss = 0.5960
[2025-12-12 16:56:00,284] [INFO]   Client 7: avg private loss = 0.2484
[2025-12-12 16:56:14,800] [INFO]   Client 1: avg private loss = 0.5703
[2025-12-12 16:56:29,577] [INFO]   Client 4: avg private loss = 0.4165
[2025-12-12 16:56:29,577] [INFO] Evaluating at round 3...
[2025-12-12 16:56:37,904] [INFO] [Round 3] Val loss: 1.4681, Val acc: 53.87%, Test loss: 1.5126, Test acc: 52.34%, Test AvgConf: 0.7048, Test ECE: 0.1814, Test KS: 0.5600, (eval_time=8.33s)
[2025-12-12 16:56:37,905] [INFO] === Round 4/50 ===
[2025-12-12 16:56:37,905] [INFO] Selected clients: [1, 7, 6, 2, 8, 0, 3, 4, 5, 9]
[2025-12-12 16:56:44,372] [INFO] Round 4 avg KD loss on public data: 0.2145
[2025-12-12 16:56:44,372] [INFO] Round 4: running 3 local epochs on private data for selected clients.
[2025-12-12 16:56:58,733] [INFO]   Client 1: avg private loss = 0.4806
[2025-12-12 16:57:13,259] [INFO]   Client 7: avg private loss = 0.1960
[2025-12-12 16:57:28,707] [INFO]   Client 6: avg private loss = 0.2326
[2025-12-12 16:57:43,652] [INFO]   Client 2: avg private loss = 0.2270
[2025-12-12 16:57:59,027] [INFO]   Client 8: avg private loss = 0.2257
[2025-12-12 16:58:14,075] [INFO]   Client 0: avg private loss = 0.2898
[2025-12-12 16:58:28,389] [INFO]   Client 3: avg private loss = 0.5097
[2025-12-12 16:58:43,343] [INFO]   Client 4: avg private loss = 0.3587
[2025-12-12 16:58:58,527] [INFO]   Client 5: avg private loss = 0.3237
[2025-12-12 16:59:13,190] [INFO]   Client 9: avg private loss = 0.3680
[2025-12-12 16:59:13,190] [INFO] Evaluating at round 4...
[2025-12-12 16:59:21,502] [INFO] [Round 4] Val loss: 1.2032, Val acc: 60.40%, Test loss: 1.2219, Test acc: 59.81%, Test AvgConf: 0.7116, Test ECE: 0.1153, Test KS: 0.5339, (eval_time=8.31s)
[2025-12-12 16:59:21,503] [INFO] === Round 5/50 ===
[2025-12-12 16:59:21,503] [INFO] Selected clients: [1, 5, 4, 8, 0, 7, 6, 3, 2, 9]
[2025-12-12 16:59:27,879] [INFO] Round 5 avg KD loss on public data: 0.1781
[2025-12-12 16:59:27,880] [INFO] Round 5: running 3 local epochs on private data for selected clients.
[2025-12-12 16:59:42,141] [INFO]   Client 1: avg private loss = 0.4199
[2025-12-12 16:59:57,193] [INFO]   Client 5: avg private loss = 0.2819
[2025-12-12 17:00:11,876] [INFO]   Client 4: avg private loss = 0.3106
[2025-12-12 17:00:27,273] [INFO]   Client 8: avg private loss = 0.1931
[2025-12-12 17:00:42,462] [INFO]   Client 0: avg private loss = 0.2516
[2025-12-12 17:00:56,763] [INFO]   Client 7: avg private loss = 0.1604
[2025-12-12 17:01:12,206] [INFO]   Client 6: avg private loss = 0.2004
[2025-12-12 17:01:26,622] [INFO]   Client 3: avg private loss = 0.4525
[2025-12-12 17:01:41,327] [INFO]   Client 2: avg private loss = 0.1969
[2025-12-12 17:01:55,831] [INFO]   Client 9: avg private loss = 0.3123
[2025-12-12 17:01:55,831] [INFO] Evaluating at round 5...
[2025-12-12 17:02:04,018] [INFO] [Round 5] Val loss: 1.0915, Val acc: 61.55%, Test loss: 1.1112, Test acc: 61.89%, Test AvgConf: 0.7344, Test ECE: 0.1157, Test KS: 0.5516, (eval_time=8.19s)
[2025-12-12 17:02:04,018] [INFO] === Round 6/50 ===
[2025-12-12 17:02:04,018] [INFO] Selected clients: [8, 2, 5, 7, 3, 1, 9, 0, 4, 6]
[2025-12-12 17:02:10,439] [INFO] Round 6 avg KD loss on public data: 0.1559
[2025-12-12 17:02:10,439] [INFO] Round 6: running 3 local epochs on private data for selected clients.
[2025-12-12 17:02:25,590] [INFO]   Client 8: avg private loss = 0.1683
[2025-12-12 17:02:40,344] [INFO]   Client 2: avg private loss = 0.1726
[2025-12-12 17:02:55,183] [INFO]   Client 5: avg private loss = 0.2493
[2025-12-12 17:03:09,580] [INFO]   Client 7: avg private loss = 0.1348
[2025-12-12 17:03:23,993] [INFO]   Client 3: avg private loss = 0.4031
[2025-12-12 17:03:38,283] [INFO]   Client 1: avg private loss = 0.3837
[2025-12-12 17:03:52,893] [INFO]   Client 9: avg private loss = 0.2820
[2025-12-12 17:04:07,940] [INFO]   Client 0: avg private loss = 0.2267
[2025-12-12 17:04:22,637] [INFO]   Client 4: avg private loss = 0.2754
[2025-12-12 17:04:38,073] [INFO]   Client 6: avg private loss = 0.1732
[2025-12-12 17:04:38,073] [INFO] Evaluating at round 6...
[2025-12-12 17:04:46,307] [INFO] [Round 6] Val loss: 0.6437, Val acc: 81.12%, Test loss: 0.6582, Test acc: 81.29%, Test AvgConf: 0.8647, Test ECE: 0.0526, Test KS: 0.5141, (eval_time=8.23s)
[2025-12-12 17:04:46,307] [INFO] === Round 7/50 ===
[2025-12-12 17:04:46,308] [INFO] Selected clients: [0, 5, 2, 6, 3, 7, 4, 1, 8, 9]
[2025-12-12 17:04:52,700] [INFO] Round 7 avg KD loss on public data: 0.1409
[2025-12-12 17:04:52,700] [INFO] Round 7: running 3 local epochs on private data for selected clients.
[2025-12-12 17:05:07,790] [INFO]   Client 0: avg private loss = 0.2062
[2025-12-12 17:05:22,822] [INFO]   Client 5: avg private loss = 0.2209
[2025-12-12 17:05:37,635] [INFO]   Client 2: avg private loss = 0.1528
[2025-12-12 17:05:53,245] [INFO]   Client 6: avg private loss = 0.1511
[2025-12-12 17:06:07,645] [INFO]   Client 3: avg private loss = 0.3674
[2025-12-12 17:06:22,015] [INFO]   Client 7: avg private loss = 0.1208
[2025-12-12 17:06:36,831] [INFO]   Client 4: avg private loss = 0.2513
[2025-12-12 17:06:51,224] [INFO]   Client 1: avg private loss = 0.3483
[2025-12-12 17:07:06,622] [INFO]   Client 8: avg private loss = 0.1492
[2025-12-12 17:07:21,234] [INFO]   Client 9: avg private loss = 0.2539
[2025-12-12 17:07:21,234] [INFO] Evaluating at round 7...
[2025-12-12 17:07:29,536] [INFO] [Round 7] Val loss: 1.2599, Val acc: 58.17%, Test loss: 1.2912, Test acc: 57.43%, Test AvgConf: 0.8046, Test ECE: 0.2304, Test KS: 0.3858, (eval_time=8.30s)
[2025-12-12 17:07:29,537] [INFO] === Round 8/50 ===
[2025-12-12 17:07:29,537] [INFO] Selected clients: [4, 8, 1, 3, 0, 5, 2, 9, 7, 6]
[2025-12-12 17:07:36,080] [INFO] Round 8 avg KD loss on public data: 0.1322
[2025-12-12 17:07:36,081] [INFO] Round 8: running 3 local epochs on private data for selected clients.
[2025-12-12 17:07:50,745] [INFO]   Client 4: avg private loss = 0.2276
[2025-12-12 17:08:06,151] [INFO]   Client 8: avg private loss = 0.1317
[2025-12-12 17:08:20,454] [INFO]   Client 1: avg private loss = 0.3233
[2025-12-12 17:08:34,849] [INFO]   Client 3: avg private loss = 0.3308
[2025-12-12 17:08:49,846] [INFO]   Client 0: avg private loss = 0.1824
[2025-12-12 17:09:04,513] [INFO]   Client 5: avg private loss = 0.2000
[2025-12-12 17:09:19,013] [INFO]   Client 2: avg private loss = 0.1394
[2025-12-12 17:09:33,058] [INFO]   Client 9: avg private loss = 0.2233
[2025-12-12 17:09:46,962] [INFO]   Client 7: avg private loss = 0.1065
[2025-12-12 17:10:02,059] [INFO]   Client 6: avg private loss = 0.1320
[2025-12-12 17:10:02,059] [INFO] Evaluating at round 8...
[2025-12-12 17:10:10,088] [INFO] [Round 8] Val loss: 0.9585, Val acc: 69.25%, Test loss: 0.9800, Test acc: 68.32%, Test AvgConf: 0.8051, Test ECE: 0.1220, Test KS: 0.3055, (eval_time=8.03s)
[2025-12-12 17:10:10,088] [INFO] === Round 9/50 ===
[2025-12-12 17:10:10,088] [INFO] Selected clients: [2, 0, 4, 9, 8, 6, 7, 5, 1, 3]
[2025-12-12 17:10:17,475] [INFO] Round 9 avg KD loss on public data: 0.1232
[2025-12-12 17:10:17,475] [INFO] Round 9: running 3 local epochs on private data for selected clients.
[2025-12-12 17:10:36,192] [INFO]   Client 2: avg private loss = 0.1244
[2025-12-12 17:10:52,252] [INFO]   Client 0: avg private loss = 0.1663
[2025-12-12 17:11:07,600] [INFO]   Client 4: avg private loss = 0.2096
[2025-12-12 17:11:22,736] [INFO]   Client 9: avg private loss = 0.2076
[2025-12-12 17:11:38,726] [INFO]   Client 8: avg private loss = 0.1178
[2025-12-12 17:11:55,396] [INFO]   Client 6: avg private loss = 0.1147
[2025-12-12 17:12:10,478] [INFO]   Client 7: avg private loss = 0.0966
[2025-12-12 17:12:26,130] [INFO]   Client 5: avg private loss = 0.1764
[2025-12-12 17:12:40,753] [INFO]   Client 1: avg private loss = 0.2927
[2025-12-12 17:12:55,815] [INFO]   Client 3: avg private loss = 0.3036
[2025-12-12 17:12:55,815] [INFO] Evaluating at round 9...
[2025-12-12 17:13:04,354] [INFO] [Round 9] Val loss: 0.9487, Val acc: 73.93%, Test loss: 0.9447, Test acc: 73.71%, Test AvgConf: 0.8371, Test ECE: 0.1002, Test KS: 0.4547, (eval_time=8.54s)
[2025-12-12 17:13:04,354] [INFO] === Round 10/50 ===
[2025-12-12 17:13:04,354] [INFO] Selected clients: [4, 2, 7, 0, 6, 3, 5, 8, 9, 1]
[2025-12-12 17:13:11,333] [INFO] Round 10 avg KD loss on public data: 0.1192
[2025-12-12 17:13:11,333] [INFO] Round 10: running 3 local epochs on private data for selected clients.
[2025-12-12 17:13:26,720] [INFO]   Client 4: avg private loss = 0.1902
[2025-12-12 17:13:42,333] [INFO]   Client 2: avg private loss = 0.1098
[2025-12-12 17:13:57,383] [INFO]   Client 7: avg private loss = 0.0872
[2025-12-12 17:14:13,259] [INFO]   Client 0: avg private loss = 0.1518
[2025-12-12 17:14:29,634] [INFO]   Client 6: avg private loss = 0.1008
[2025-12-12 17:14:44,865] [INFO]   Client 3: avg private loss = 0.2764
[2025-12-12 17:15:00,547] [INFO]   Client 5: avg private loss = 0.1575
[2025-12-12 17:15:16,842] [INFO]   Client 8: avg private loss = 0.1050
[2025-12-12 17:15:32,145] [INFO]   Client 9: avg private loss = 0.1842
[2025-12-12 17:15:46,718] [INFO]   Client 1: avg private loss = 0.2685
[2025-12-12 17:15:46,718] [INFO] Evaluating at round 10...
[2025-12-12 17:15:54,926] [INFO] [Round 10] Val loss: 0.9429, Val acc: 70.10%, Test loss: 0.9652, Test acc: 69.26%, Test AvgConf: 0.8335, Test ECE: 0.1419, Test KS: 0.3295, (eval_time=8.21s)
[2025-12-12 17:15:54,927] [INFO] === Round 11/50 ===
[2025-12-12 17:15:54,927] [INFO] Selected clients: [5, 2, 7, 3, 0, 8, 9, 6, 1, 4]
[2025-12-12 17:16:01,836] [INFO] Round 11 avg KD loss on public data: 0.1143
[2025-12-12 17:16:01,836] [INFO] Round 11: running 3 local epochs on private data for selected clients.
[2025-12-12 17:16:16,127] [INFO]   Client 5: avg private loss = 0.1386
[2025-12-12 17:16:30,872] [INFO]   Client 2: avg private loss = 0.0995
[2025-12-12 17:16:44,927] [INFO]   Client 7: avg private loss = 0.0790
[2025-12-12 17:17:00,046] [INFO]   Client 3: avg private loss = 0.2505
[2025-12-12 17:17:16,955] [INFO]   Client 0: avg private loss = 0.1393
[2025-12-12 17:17:33,236] [INFO]   Client 8: avg private loss = 0.0931
[2025-12-12 17:17:48,718] [INFO]   Client 9: avg private loss = 0.1724
[2025-12-12 17:18:05,552] [INFO]   Client 6: avg private loss = 0.0869
[2025-12-12 17:18:20,935] [INFO]   Client 1: avg private loss = 0.2436
[2025-12-12 17:18:36,973] [INFO]   Client 4: avg private loss = 0.1698
[2025-12-12 17:18:36,974] [INFO] Evaluating at round 11...
[2025-12-12 17:18:45,627] [INFO] [Round 11] Val loss: 0.5496, Val acc: 80.15%, Test loss: 0.5671, Test acc: 80.07%, Test AvgConf: 0.8371, Test ECE: 0.0373, Test KS: 0.5530, (eval_time=8.65s)
[2025-12-12 17:18:45,628] [INFO] === Round 12/50 ===
[2025-12-12 17:18:45,628] [INFO] Selected clients: [1, 5, 2, 4, 3, 7, 9, 6, 8, 0]
[2025-12-12 17:18:53,246] [INFO] Round 12 avg KD loss on public data: 0.1108
[2025-12-12 17:18:53,247] [INFO] Round 12: running 3 local epochs on private data for selected clients.
[2025-12-12 17:19:08,379] [INFO]   Client 1: avg private loss = 0.2360
[2025-12-12 17:19:24,063] [INFO]   Client 5: avg private loss = 0.1259
[2025-12-12 17:19:39,443] [INFO]   Client 2: avg private loss = 0.0869
[2025-12-12 17:19:53,804] [INFO]   Client 4: avg private loss = 0.1636
[2025-12-12 17:20:07,520] [INFO]   Client 3: avg private loss = 0.2309
[2025-12-12 17:20:20,811] [INFO]   Client 7: avg private loss = 0.0694
[2025-12-12 17:20:34,279] [INFO]   Client 9: avg private loss = 0.1529
[2025-12-12 17:20:48,897] [INFO]   Client 6: avg private loss = 0.0752
[2025-12-12 17:21:03,444] [INFO]   Client 8: avg private loss = 0.0840
[2025-12-12 17:21:16,536] [INFO]   Client 0: avg private loss = 0.1351
[2025-12-12 17:21:16,536] [INFO] Evaluating at round 12...
[2025-12-12 17:21:23,695] [INFO] [Round 12] Val loss: 0.7248, Val acc: 74.13%, Test loss: 0.7552, Test acc: 73.29%, Test AvgConf: 0.7996, Test ECE: 0.0667, Test KS: 0.5129, (eval_time=7.16s)
[2025-12-12 17:21:23,695] [INFO] === Round 13/50 ===
[2025-12-12 17:21:23,696] [INFO] Selected clients: [3, 1, 4, 5, 8, 6, 9, 7, 0, 2]
[2025-12-12 17:21:29,136] [INFO] Round 13 avg KD loss on public data: 0.1108
[2025-12-12 17:21:29,136] [INFO] Round 13: running 3 local epochs on private data for selected clients.
[2025-12-12 17:21:41,832] [INFO]   Client 3: avg private loss = 0.2045
[2025-12-12 17:21:54,398] [INFO]   Client 1: avg private loss = 0.2019
[2025-12-12 17:22:07,164] [INFO]   Client 4: avg private loss = 0.1449
[2025-12-12 17:22:19,793] [INFO]   Client 5: avg private loss = 0.1057
[2025-12-12 17:22:32,917] [INFO]   Client 8: avg private loss = 0.0742
[2025-12-12 17:22:46,123] [INFO]   Client 6: avg private loss = 0.0645
[2025-12-12 17:22:58,594] [INFO]   Client 9: avg private loss = 0.1324
[2025-12-12 17:23:11,044] [INFO]   Client 7: avg private loss = 0.0639
[2025-12-12 17:23:23,817] [INFO]   Client 0: avg private loss = 0.1189
[2025-12-12 17:23:36,479] [INFO]   Client 2: avg private loss = 0.0774
[2025-12-12 17:23:36,479] [INFO] Evaluating at round 13...
[2025-12-12 17:23:43,491] [INFO] [Round 13] Val loss: 0.6084, Val acc: 78.32%, Test loss: 0.6172, Test acc: 78.56%, Test AvgConf: 0.8225, Test ECE: 0.0433, Test KS: 0.4157, (eval_time=7.01s)
[2025-12-12 17:23:43,491] [INFO] === Round 14/50 ===
[2025-12-12 17:23:43,491] [INFO] Selected clients: [2, 4, 5, 1, 7, 0, 9, 3, 8, 6]
[2025-12-12 17:23:48,903] [INFO] Round 14 avg KD loss on public data: 0.1056
[2025-12-12 17:23:48,903] [INFO] Round 14: running 3 local epochs on private data for selected clients.
[2025-12-12 17:24:01,707] [INFO]   Client 2: avg private loss = 0.0706
[2025-12-12 17:24:14,246] [INFO]   Client 4: avg private loss = 0.1323
[2025-12-12 17:24:27,099] [INFO]   Client 5: avg private loss = 0.0940
[2025-12-12 17:24:39,424] [INFO]   Client 1: avg private loss = 0.1889
[2025-12-12 17:24:51,836] [INFO]   Client 7: avg private loss = 0.0584
[2025-12-12 17:25:04,612] [INFO]   Client 0: avg private loss = 0.1103
[2025-12-12 17:25:17,221] [INFO]   Client 9: avg private loss = 0.1246
[2025-12-12 17:25:29,700] [INFO]   Client 3: avg private loss = 0.1842
[2025-12-12 17:25:42,899] [INFO]   Client 8: avg private loss = 0.0654
[2025-12-12 17:25:56,199] [INFO]   Client 6: avg private loss = 0.0576
[2025-12-12 17:25:56,199] [INFO] Evaluating at round 14...
[2025-12-12 17:26:03,208] [INFO] [Round 14] Val loss: 0.8829, Val acc: 76.12%, Test loss: 0.8802, Test acc: 76.02%, Test AvgConf: 0.8719, Test ECE: 0.1120, Test KS: 0.4621, (eval_time=7.01s)
[2025-12-12 17:26:03,209] [INFO] === Round 15/50 ===
[2025-12-12 17:26:03,209] [INFO] Selected clients: [7, 0, 1, 8, 3, 2, 4, 5, 9, 6]
[2025-12-12 17:26:08,777] [INFO] Round 15 avg KD loss on public data: 0.1059
[2025-12-12 17:26:08,777] [INFO] Round 15: running 3 local epochs on private data for selected clients.
[2025-12-12 17:26:21,234] [INFO]   Client 7: avg private loss = 0.0539
[2025-12-12 17:26:34,041] [INFO]   Client 0: avg private loss = 0.1035
[2025-12-12 17:26:46,293] [INFO]   Client 1: avg private loss = 0.1725
[2025-12-12 17:26:59,413] [INFO]   Client 8: avg private loss = 0.0595
[2025-12-12 17:27:11,901] [INFO]   Client 3: avg private loss = 0.1671
[2025-12-12 17:27:24,616] [INFO]   Client 2: avg private loss = 0.0623
[2025-12-12 17:27:37,084] [INFO]   Client 4: avg private loss = 0.1218
[2025-12-12 17:27:49,906] [INFO]   Client 5: avg private loss = 0.0835
[2025-12-12 17:28:02,440] [INFO]   Client 9: avg private loss = 0.1179
[2025-12-12 17:28:15,653] [INFO]   Client 6: avg private loss = 0.0485
[2025-12-12 17:28:15,653] [INFO] Evaluating at round 15...
[2025-12-12 17:28:22,706] [INFO] [Round 15] Val loss: 0.9718, Val acc: 66.88%, Test loss: 0.9703, Test acc: 67.34%, Test AvgConf: 0.8528, Test ECE: 0.1794, Test KS: 0.5699, (eval_time=7.05s)
[2025-12-12 17:28:22,707] [INFO] === Round 16/50 ===
[2025-12-12 17:28:22,707] [INFO] Selected clients: [6, 1, 3, 8, 7, 5, 4, 9, 0, 2]
[2025-12-12 17:28:28,190] [INFO] Round 16 avg KD loss on public data: 0.1027
[2025-12-12 17:28:28,190] [INFO] Round 16: running 3 local epochs on private data for selected clients.
[2025-12-12 17:28:41,560] [INFO]   Client 6: avg private loss = 0.0421
[2025-12-12 17:28:53,827] [INFO]   Client 1: avg private loss = 0.1533
[2025-12-12 17:29:06,247] [INFO]   Client 3: avg private loss = 0.1521
[2025-12-12 17:29:19,302] [INFO]   Client 8: avg private loss = 0.0522
[2025-12-12 17:29:31,701] [INFO]   Client 7: avg private loss = 0.0493
[2025-12-12 17:29:44,428] [INFO]   Client 5: avg private loss = 0.0732
[2025-12-12 17:29:57,104] [INFO]   Client 4: avg private loss = 0.1104
[2025-12-12 17:30:09,553] [INFO]   Client 9: avg private loss = 0.0998
[2025-12-12 17:30:22,425] [INFO]   Client 0: avg private loss = 0.0959
[2025-12-12 17:30:35,035] [INFO]   Client 2: avg private loss = 0.0560
[2025-12-12 17:30:35,035] [INFO] Evaluating at round 16...
[2025-12-12 17:30:42,018] [INFO] [Round 16] Val loss: 0.6348, Val acc: 79.55%, Test loss: 0.6581, Test acc: 79.09%, Test AvgConf: 0.8976, Test ECE: 0.1067, Test KS: 0.5464, (eval_time=6.98s)
[2025-12-12 17:30:42,019] [INFO] === Round 17/50 ===
[2025-12-12 17:30:42,019] [INFO] Selected clients: [4, 7, 8, 3, 5, 1, 0, 2, 9, 6]
[2025-12-12 17:30:47,579] [INFO] Round 17 avg KD loss on public data: 0.0978
[2025-12-12 17:30:47,579] [INFO] Round 17: running 3 local epochs on private data for selected clients.
[2025-12-12 17:31:00,098] [INFO]   Client 4: avg private loss = 0.1039
[2025-12-12 17:31:12,436] [INFO]   Client 7: avg private loss = 0.0447
[2025-12-12 17:31:25,576] [INFO]   Client 8: avg private loss = 0.0485
[2025-12-12 17:31:38,049] [INFO]   Client 3: avg private loss = 0.1372
[2025-12-12 17:31:50,788] [INFO]   Client 5: avg private loss = 0.0673
[2025-12-12 17:32:03,072] [INFO]   Client 1: avg private loss = 0.1418
[2025-12-12 17:32:15,979] [INFO]   Client 0: avg private loss = 0.0912
[2025-12-12 17:32:28,484] [INFO]   Client 2: avg private loss = 0.0502
[2025-12-12 17:32:41,116] [INFO]   Client 9: avg private loss = 0.0906
[2025-12-12 17:32:54,572] [INFO]   Client 6: avg private loss = 0.0374
[2025-12-12 17:32:54,572] [INFO] Evaluating at round 17...
[2025-12-12 17:33:01,594] [INFO] [Round 17] Val loss: 0.7986, Val acc: 73.85%, Test loss: 0.8261, Test acc: 73.23%, Test AvgConf: 0.8706, Test ECE: 0.1383, Test KS: 0.4163, (eval_time=7.02s)
[2025-12-12 17:33:01,594] [INFO] === Round 18/50 ===
[2025-12-12 17:33:01,594] [INFO] Selected clients: [1, 8, 5, 2, 9, 7, 4, 3, 0, 6]
[2025-12-12 17:33:07,146] [INFO] Round 18 avg KD loss on public data: 0.0969
[2025-12-12 17:33:07,146] [INFO] Round 18: running 3 local epochs on private data for selected clients.
[2025-12-12 17:33:19,585] [INFO]   Client 1: avg private loss = 0.1224
[2025-12-12 17:33:32,665] [INFO]   Client 8: avg private loss = 0.0421
[2025-12-12 17:33:45,553] [INFO]   Client 5: avg private loss = 0.0572
[2025-12-12 17:33:58,615] [INFO]   Client 2: avg private loss = 0.0449
[2025-12-12 17:34:11,121] [INFO]   Client 9: avg private loss = 0.0826
[2025-12-12 17:34:23,608] [INFO]   Client 7: avg private loss = 0.0422
[2025-12-12 17:34:36,126] [INFO]   Client 4: avg private loss = 0.0922
[2025-12-12 17:34:48,586] [INFO]   Client 3: avg private loss = 0.1195
[2025-12-12 17:35:01,427] [INFO]   Client 0: avg private loss = 0.0884
[2025-12-12 17:35:14,649] [INFO]   Client 6: avg private loss = 0.0327
[2025-12-12 17:35:14,650] [INFO] Evaluating at round 18...
[2025-12-12 17:35:21,719] [INFO] [Round 18] Val loss: 0.6391, Val acc: 78.28%, Test loss: 0.6772, Test acc: 77.27%, Test AvgConf: 0.8378, Test ECE: 0.0653, Test KS: 0.5084, (eval_time=7.07s)
[2025-12-12 17:35:21,720] [INFO] === Round 19/50 ===
[2025-12-12 17:35:21,720] [INFO] Selected clients: [8, 0, 4, 1, 9, 5, 7, 2, 6, 3]
[2025-12-12 17:35:27,094] [INFO] Round 19 avg KD loss on public data: 0.0966
[2025-12-12 17:35:27,094] [INFO] Round 19: running 3 local epochs on private data for selected clients.
[2025-12-12 17:35:40,309] [INFO]   Client 8: avg private loss = 0.0381
[2025-12-12 17:35:53,064] [INFO]   Client 0: avg private loss = 0.0796
[2025-12-12 17:36:05,697] [INFO]   Client 4: avg private loss = 0.0909
[2025-12-12 17:36:18,032] [INFO]   Client 1: avg private loss = 0.1114
[2025-12-12 17:36:30,448] [INFO]   Client 9: avg private loss = 0.0734
[2025-12-12 17:36:43,353] [INFO]   Client 5: avg private loss = 0.0512
[2025-12-12 17:36:55,727] [INFO]   Client 7: avg private loss = 0.0398
[2025-12-12 17:37:08,342] [INFO]   Client 2: avg private loss = 0.0407
[2025-12-12 17:37:21,594] [INFO]   Client 6: avg private loss = 0.0288
[2025-12-12 17:37:33,968] [INFO]   Client 3: avg private loss = 0.1092
[2025-12-12 17:37:33,968] [INFO] Evaluating at round 19...
[2025-12-12 17:37:40,986] [INFO] [Round 19] Val loss: 0.5461, Val acc: 84.25%, Test loss: 0.5657, Test acc: 83.94%, Test AvgConf: 0.9176, Test ECE: 0.0783, Test KS: 0.5495, (eval_time=7.02s)
[2025-12-12 17:37:40,987] [INFO] === Round 20/50 ===
[2025-12-12 17:37:40,987] [INFO] Selected clients: [0, 2, 1, 9, 7, 6, 3, 5, 4, 8]
[2025-12-12 17:37:46,497] [INFO] Round 20 avg KD loss on public data: 0.0980
[2025-12-12 17:37:46,497] [INFO] Round 20: running 3 local epochs on private data for selected clients.
[2025-12-12 17:37:59,329] [INFO]   Client 0: avg private loss = 0.0748
[2025-12-12 17:38:11,938] [INFO]   Client 2: avg private loss = 0.0365
[2025-12-12 17:38:24,287] [INFO]   Client 1: avg private loss = 0.0970
[2025-12-12 17:38:36,833] [INFO]   Client 9: avg private loss = 0.0661
[2025-12-12 17:38:49,318] [INFO]   Client 7: avg private loss = 0.0367
[2025-12-12 17:39:02,742] [INFO]   Client 6: avg private loss = 0.0256
[2025-12-12 17:39:15,369] [INFO]   Client 3: avg private loss = 0.0975
[2025-12-12 17:39:28,153] [INFO]   Client 5: avg private loss = 0.0449
[2025-12-12 17:39:40,731] [INFO]   Client 4: avg private loss = 0.0761
[2025-12-12 17:39:53,928] [INFO]   Client 8: avg private loss = 0.0337
[2025-12-12 17:39:53,929] [INFO] Evaluating at round 20...
[2025-12-12 17:40:00,917] [INFO] [Round 20] Val loss: 0.9238, Val acc: 71.33%, Test loss: 0.9636, Test acc: 71.59%, Test AvgConf: 0.8834, Test ECE: 0.1678, Test KS: 0.3796, (eval_time=6.99s)
[2025-12-12 17:40:00,917] [INFO] === Round 21/50 ===
[2025-12-12 17:40:00,918] [INFO] Selected clients: [1, 2, 7, 4, 8, 5, 0, 3, 6, 9]
[2025-12-12 17:40:06,289] [INFO] Round 21 avg KD loss on public data: 0.0949
[2025-12-12 17:40:06,289] [INFO] Round 21: running 3 local epochs on private data for selected clients.
[2025-12-12 17:40:18,577] [INFO]   Client 1: avg private loss = 0.0931
[2025-12-12 17:40:31,253] [INFO]   Client 2: avg private loss = 0.0319
[2025-12-12 17:40:43,783] [INFO]   Client 7: avg private loss = 0.0321
[2025-12-12 17:40:56,322] [INFO]   Client 4: avg private loss = 0.0752
[2025-12-12 17:41:09,508] [INFO]   Client 8: avg private loss = 0.0319
[2025-12-12 17:41:22,189] [INFO]   Client 5: avg private loss = 0.0483
[2025-12-12 17:41:34,957] [INFO]   Client 0: avg private loss = 0.0713
[2025-12-12 17:41:47,332] [INFO]   Client 3: avg private loss = 0.0872
[2025-12-12 17:42:00,683] [INFO]   Client 6: avg private loss = 0.0239
[2025-12-12 17:42:13,158] [INFO]   Client 9: avg private loss = 0.0627
[2025-12-12 17:42:13,158] [INFO] Evaluating at round 21...
[2025-12-12 17:42:20,150] [INFO] [Round 21] Val loss: 0.6189, Val acc: 79.50%, Test loss: 0.6591, Test acc: 78.25%, Test AvgConf: 0.8514, Test ECE: 0.0689, Test KS: 0.5098, (eval_time=6.99s)
[2025-12-12 17:42:20,150] [INFO] === Round 22/50 ===
[2025-12-12 17:42:20,151] [INFO] Selected clients: [7, 9, 1, 6, 5, 2, 0, 4, 3, 8]
[2025-12-12 17:42:25,488] [INFO] Round 22 avg KD loss on public data: 0.0919
[2025-12-12 17:42:25,488] [INFO] Round 22: running 3 local epochs on private data for selected clients.
[2025-12-12 17:42:37,845] [INFO]   Client 7: avg private loss = 0.0307
[2025-12-12 17:42:50,291] [INFO]   Client 9: avg private loss = 0.0549
[2025-12-12 17:43:02,600] [INFO]   Client 1: avg private loss = 0.0806
[2025-12-12 17:43:15,943] [INFO]   Client 6: avg private loss = 0.0209
[2025-12-12 17:43:28,606] [INFO]   Client 5: avg private loss = 0.0375
[2025-12-12 17:43:41,182] [INFO]   Client 2: avg private loss = 0.0292
[2025-12-12 17:43:54,011] [INFO]   Client 0: avg private loss = 0.0680
[2025-12-12 17:44:06,475] [INFO]   Client 4: avg private loss = 0.0714
[2025-12-12 17:44:18,937] [INFO]   Client 3: avg private loss = 0.0780
[2025-12-12 17:44:32,043] [INFO]   Client 8: avg private loss = 0.0281
[2025-12-12 17:44:32,043] [INFO] Evaluating at round 22...
[2025-12-12 17:44:39,039] [INFO] [Round 22] Val loss: 0.8787, Val acc: 69.37%, Test loss: 0.8845, Test acc: 69.67%, Test AvgConf: 0.8655, Test ECE: 0.1691, Test KS: 0.5927, (eval_time=7.00s)
[2025-12-12 17:44:39,040] [INFO] === Round 23/50 ===
[2025-12-12 17:44:39,040] [INFO] Selected clients: [5, 7, 4, 6, 9, 8, 3, 1, 2, 0]
[2025-12-12 17:44:44,453] [INFO] Round 23 avg KD loss on public data: 0.0894
[2025-12-12 17:44:44,453] [INFO] Round 23: running 3 local epochs on private data for selected clients.
[2025-12-12 17:44:57,211] [INFO]   Client 5: avg private loss = 0.0405
[2025-12-12 17:45:09,684] [INFO]   Client 7: avg private loss = 0.0270
[2025-12-12 17:45:22,330] [INFO]   Client 4: avg private loss = 0.0705
[2025-12-12 17:45:35,568] [INFO]   Client 6: avg private loss = 0.0216
[2025-12-12 17:45:48,026] [INFO]   Client 9: avg private loss = 0.0541
[2025-12-12 17:46:01,074] [INFO]   Client 8: avg private loss = 0.0270
[2025-12-12 17:46:13,509] [INFO]   Client 3: avg private loss = 0.0724
[2025-12-12 17:46:25,793] [INFO]   Client 1: avg private loss = 0.0847
[2025-12-12 17:46:38,388] [INFO]   Client 2: avg private loss = 0.0275
[2025-12-12 17:46:51,164] [INFO]   Client 0: avg private loss = 0.0659
[2025-12-12 17:46:51,164] [INFO] Evaluating at round 23...
[2025-12-12 17:46:58,206] [INFO] [Round 23] Val loss: 0.4831, Val acc: 83.52%, Test loss: 0.5124, Test acc: 83.21%, Test AvgConf: 0.8897, Test ECE: 0.0576, Test KS: 0.5524, (eval_time=7.04s)
[2025-12-12 17:46:58,207] [INFO] === Round 24/50 ===
[2025-12-12 17:46:58,207] [INFO] Selected clients: [6, 4, 7, 9, 2, 1, 5, 8, 3, 0]
[2025-12-12 17:47:03,680] [INFO] Round 24 avg KD loss on public data: 0.0886
[2025-12-12 17:47:03,680] [INFO] Round 24: running 3 local epochs on private data for selected clients.
[2025-12-12 17:47:16,906] [INFO]   Client 6: avg private loss = 0.0176
[2025-12-12 17:47:29,534] [INFO]   Client 4: avg private loss = 0.0619
[2025-12-12 17:47:41,914] [INFO]   Client 7: avg private loss = 0.0261
[2025-12-12 17:47:54,348] [INFO]   Client 9: avg private loss = 0.0503
[2025-12-12 17:48:07,042] [INFO]   Client 2: avg private loss = 0.0234
[2025-12-12 17:48:19,416] [INFO]   Client 1: avg private loss = 0.0678
[2025-12-12 17:48:32,328] [INFO]   Client 5: avg private loss = 0.0314
[2025-12-12 17:48:45,359] [INFO]   Client 8: avg private loss = 0.0232
[2025-12-12 17:48:57,855] [INFO]   Client 3: avg private loss = 0.0631
[2025-12-12 17:49:10,618] [INFO]   Client 0: avg private loss = 0.0607
[2025-12-12 17:49:10,618] [INFO] Evaluating at round 24...
[2025-12-12 17:49:17,737] [INFO] [Round 24] Val loss: 0.6190, Val acc: 81.42%, Test loss: 0.6497, Test acc: 80.83%, Test AvgConf: 0.9140, Test ECE: 0.1057, Test KS: 0.5500, (eval_time=7.12s)
[2025-12-12 17:49:17,738] [INFO] === Round 25/50 ===
[2025-12-12 17:49:17,738] [INFO] Selected clients: [9, 6, 4, 3, 5, 1, 8, 2, 0, 7]
[2025-12-12 17:49:23,141] [INFO] Round 25 avg KD loss on public data: 0.0875
[2025-12-12 17:49:23,141] [INFO] Round 25: running 3 local epochs on private data for selected clients.
[2025-12-12 17:49:35,478] [INFO]   Client 9: avg private loss = 0.0505
[2025-12-12 17:49:48,774] [INFO]   Client 6: avg private loss = 0.0171
[2025-12-12 17:50:01,439] [INFO]   Client 4: avg private loss = 0.0612
[2025-12-12 17:50:13,979] [INFO]   Client 3: avg private loss = 0.0647
[2025-12-12 17:50:26,989] [INFO]   Client 5: avg private loss = 0.0350
[2025-12-12 17:50:39,461] [INFO]   Client 1: avg private loss = 0.0754
[2025-12-12 17:50:52,526] [INFO]   Client 8: avg private loss = 0.0225
[2025-12-12 17:51:05,144] [INFO]   Client 2: avg private loss = 0.0220
[2025-12-12 17:51:17,863] [INFO]   Client 0: avg private loss = 0.0689
[2025-12-12 17:51:30,247] [INFO]   Client 7: avg private loss = 0.0237
[2025-12-12 17:51:30,247] [INFO] Evaluating at round 25...
[2025-12-12 17:51:37,253] [INFO] [Round 25] Val loss: 0.5886, Val acc: 79.68%, Test loss: 0.6305, Test acc: 78.78%, Test AvgConf: 0.8598, Test ECE: 0.0721, Test KS: 0.5403, (eval_time=7.01s)
[2025-12-12 17:51:37,254] [INFO] === Round 26/50 ===
[2025-12-12 17:51:37,254] [INFO] Selected clients: [3, 6, 9, 7, 1, 5, 2, 8, 0, 4]
[2025-12-12 17:51:42,789] [INFO] Round 26 avg KD loss on public data: 0.0857
[2025-12-12 17:51:42,789] [INFO] Round 26: running 3 local epochs on private data for selected clients.
[2025-12-12 17:51:55,242] [INFO]   Client 3: avg private loss = 0.0524
[2025-12-12 17:52:08,463] [INFO]   Client 6: avg private loss = 0.0151
[2025-12-12 17:52:20,960] [INFO]   Client 9: avg private loss = 0.0430
[2025-12-12 17:52:33,307] [INFO]   Client 7: avg private loss = 0.0225
[2025-12-12 17:52:45,623] [INFO]   Client 1: avg private loss = 0.0548
[2025-12-12 17:52:58,537] [INFO]   Client 5: avg private loss = 0.0261
[2025-12-12 17:53:11,086] [INFO]   Client 2: avg private loss = 0.0208
[2025-12-12 17:53:24,160] [INFO]   Client 8: avg private loss = 0.0193
[2025-12-12 17:53:36,975] [INFO]   Client 0: avg private loss = 0.0582
[2025-12-12 17:53:49,578] [INFO]   Client 4: avg private loss = 0.0579
[2025-12-12 17:53:49,578] [INFO] Evaluating at round 26...
[2025-12-12 17:53:56,591] [INFO] [Round 26] Val loss: 0.5252, Val acc: 81.55%, Test loss: 0.5339, Test acc: 82.34%, Test AvgConf: 0.8760, Test ECE: 0.0529, Test KS: 0.4962, (eval_time=7.01s)
[2025-12-12 17:53:56,592] [INFO] === Round 27/50 ===
[2025-12-12 17:53:56,592] [INFO] Selected clients: [7, 1, 4, 0, 9, 2, 8, 3, 6, 5]
[2025-12-12 17:54:02,159] [INFO] Round 27 avg KD loss on public data: 0.0859
[2025-12-12 17:54:02,160] [INFO] Round 27: running 3 local epochs on private data for selected clients.
[2025-12-12 17:54:14,416] [INFO]   Client 7: avg private loss = 0.0212
[2025-12-12 17:54:26,777] [INFO]   Client 1: avg private loss = 0.0495
[2025-12-12 17:54:39,497] [INFO]   Client 4: avg private loss = 0.0535
[2025-12-12 17:54:52,307] [INFO]   Client 0: avg private loss = 0.0559
[2025-12-12 17:55:04,727] [INFO]   Client 9: avg private loss = 0.0359
[2025-12-12 17:55:17,544] [INFO]   Client 2: avg private loss = 0.0187
[2025-12-12 17:55:30,589] [INFO]   Client 8: avg private loss = 0.0176
[2025-12-12 17:55:42,963] [INFO]   Client 3: avg private loss = 0.0472
[2025-12-12 17:55:56,307] [INFO]   Client 6: avg private loss = 0.0137
[2025-12-12 17:56:08,989] [INFO]   Client 5: avg private loss = 0.0237
[2025-12-12 17:56:08,989] [INFO] Evaluating at round 27...
[2025-12-12 17:56:15,985] [INFO] [Round 27] Val loss: 0.8542, Val acc: 70.73%, Test loss: 0.8649, Test acc: 70.77%, Test AvgConf: 0.8723, Test ECE: 0.1646, Test KS: 0.5970, (eval_time=7.00s)
[2025-12-12 17:56:15,986] [INFO] === Round 28/50 ===
[2025-12-12 17:56:15,986] [INFO] Selected clients: [6, 9, 0, 8, 2, 5, 1, 3, 4, 7]
[2025-12-12 17:56:21,545] [INFO] Round 28 avg KD loss on public data: 0.0816
[2025-12-12 17:56:21,545] [INFO] Round 28: running 3 local epochs on private data for selected clients.
[2025-12-12 17:56:34,808] [INFO]   Client 6: avg private loss = 0.0131
[2025-12-12 17:56:47,248] [INFO]   Client 9: avg private loss = 0.0357
[2025-12-12 17:57:00,229] [INFO]   Client 0: avg private loss = 0.0560
[2025-12-12 17:57:13,468] [INFO]   Client 8: avg private loss = 0.0170
[2025-12-12 17:57:26,123] [INFO]   Client 2: avg private loss = 0.0171
[2025-12-12 17:57:38,901] [INFO]   Client 5: avg private loss = 0.0218
[2025-12-12 17:57:51,379] [INFO]   Client 1: avg private loss = 0.0471
[2025-12-12 17:58:03,862] [INFO]   Client 3: avg private loss = 0.0446
[2025-12-12 17:58:16,500] [INFO]   Client 4: avg private loss = 0.0493
[2025-12-12 17:58:28,761] [INFO]   Client 7: avg private loss = 0.0204
[2025-12-12 17:58:28,761] [INFO] Evaluating at round 28...
[2025-12-12 17:58:35,857] [INFO] [Round 28] Val loss: 0.6346, Val acc: 81.42%, Test loss: 0.6664, Test acc: 80.76%, Test AvgConf: 0.9185, Test ECE: 0.1109, Test KS: 0.5496, (eval_time=7.10s)
[2025-12-12 17:58:35,858] [INFO] === Round 29/50 ===
[2025-12-12 17:58:35,858] [INFO] Selected clients: [4, 0, 1, 9, 6, 8, 7, 3, 2, 5]
[2025-12-12 17:58:41,377] [INFO] Round 29 avg KD loss on public data: 0.0790
[2025-12-12 17:58:41,377] [INFO] Round 29: running 3 local epochs on private data for selected clients.
[2025-12-12 17:58:53,898] [INFO]   Client 4: avg private loss = 0.0450
[2025-12-12 17:59:06,664] [INFO]   Client 0: avg private loss = 0.0538
[2025-12-12 17:59:18,973] [INFO]   Client 1: avg private loss = 0.0413
[2025-12-12 17:59:31,408] [INFO]   Client 9: avg private loss = 0.0325
[2025-12-12 17:59:44,700] [INFO]   Client 6: avg private loss = 0.0118
[2025-12-12 17:59:57,698] [INFO]   Client 8: avg private loss = 0.0151
[2025-12-12 18:00:10,006] [INFO]   Client 7: avg private loss = 0.0183
[2025-12-12 18:00:22,433] [INFO]   Client 3: avg private loss = 0.0432
[2025-12-12 18:00:35,274] [INFO]   Client 2: avg private loss = 0.0160
[2025-12-12 18:00:48,070] [INFO]   Client 5: avg private loss = 0.0204
[2025-12-12 18:00:48,070] [INFO] Evaluating at round 29...
[2025-12-12 18:00:55,166] [INFO] [Round 29] Val loss: 0.7829, Val acc: 75.05%, Test loss: 0.8155, Test acc: 74.67%, Test AvgConf: 0.8991, Test ECE: 0.1532, Test KS: 0.4638, (eval_time=7.10s)
[2025-12-12 18:00:55,167] [INFO] === Round 30/50 ===
[2025-12-12 18:00:55,167] [INFO] Selected clients: [5, 1, 9, 4, 0, 8, 6, 7, 3, 2]
[2025-12-12 18:01:00,783] [INFO] Round 30 avg KD loss on public data: 0.0809
[2025-12-12 18:01:00,783] [INFO] Round 30: running 3 local epochs on private data for selected clients.
[2025-12-12 18:01:13,352] [INFO]   Client 5: avg private loss = 0.0184
[2025-12-12 18:01:25,630] [INFO]   Client 1: avg private loss = 0.0376
[2025-12-12 18:01:38,026] [INFO]   Client 9: avg private loss = 0.0305
[2025-12-12 18:01:50,686] [INFO]   Client 4: avg private loss = 0.0433
[2025-12-12 18:02:03,430] [INFO]   Client 0: avg private loss = 0.0486
[2025-12-12 18:02:16,939] [INFO]   Client 8: avg private loss = 0.0143
[2025-12-12 18:02:30,145] [INFO]   Client 6: avg private loss = 0.0109
[2025-12-12 18:02:42,655] [INFO]   Client 7: avg private loss = 0.0179
[2025-12-12 18:02:55,056] [INFO]   Client 3: avg private loss = 0.0383
[2025-12-12 18:03:07,741] [INFO]   Client 2: avg private loss = 0.0153
[2025-12-12 18:03:07,741] [INFO] Evaluating at round 30...
[2025-12-12 18:03:14,756] [INFO] [Round 30] Val loss: 0.4934, Val acc: 84.00%, Test loss: 0.5283, Test acc: 83.66%, Test AvgConf: 0.9050, Test ECE: 0.0687, Test KS: 0.5543, (eval_time=7.02s)
[2025-12-12 18:03:14,757] [INFO] === Round 31/50 ===
[2025-12-12 18:03:14,757] [INFO] Selected clients: [6, 4, 9, 1, 5, 8, 3, 2, 0, 7]
[2025-12-12 18:03:20,155] [INFO] Round 31 avg KD loss on public data: 0.0773
[2025-12-12 18:03:20,155] [INFO] Round 31: running 3 local epochs on private data for selected clients.
[2025-12-12 18:03:33,347] [INFO]   Client 6: avg private loss = 0.0109
[2025-12-12 18:03:45,956] [INFO]   Client 4: avg private loss = 0.0423
[2025-12-12 18:03:58,512] [INFO]   Client 9: avg private loss = 0.0274
[2025-12-12 18:04:10,842] [INFO]   Client 1: avg private loss = 0.0357
[2025-12-12 18:04:23,563] [INFO]   Client 5: avg private loss = 0.0185
[2025-12-12 18:04:36,552] [INFO]   Client 8: avg private loss = 0.0136
[2025-12-12 18:04:48,909] [INFO]   Client 3: avg private loss = 0.0351
[2025-12-12 18:05:01,523] [INFO]   Client 2: avg private loss = 0.0141
[2025-12-12 18:05:14,356] [INFO]   Client 0: avg private loss = 0.0492
[2025-12-12 18:05:26,770] [INFO]   Client 7: avg private loss = 0.0159
[2025-12-12 18:05:26,770] [INFO] Evaluating at round 31...
[2025-12-12 18:05:33,768] [INFO] [Round 31] Val loss: 0.6360, Val acc: 81.85%, Test loss: 0.6694, Test acc: 81.08%, Test AvgConf: 0.9229, Test ECE: 0.1121, Test KS: 0.5539, (eval_time=7.00s)
[2025-12-12 18:05:33,768] [INFO] === Round 32/50 ===
[2025-12-12 18:05:33,768] [INFO] Selected clients: [8, 5, 4, 7, 0, 1, 3, 6, 2, 9]
[2025-12-12 18:05:39,222] [INFO] Round 32 avg KD loss on public data: 0.0751
[2025-12-12 18:05:39,222] [INFO] Round 32: running 3 local epochs on private data for selected clients.
[2025-12-12 18:05:52,476] [INFO]   Client 8: avg private loss = 0.0124
[2025-12-12 18:06:05,287] [INFO]   Client 5: avg private loss = 0.0178
[2025-12-12 18:06:17,940] [INFO]   Client 4: avg private loss = 0.0383
[2025-12-12 18:06:30,248] [INFO]   Client 7: avg private loss = 0.0151
[2025-12-12 18:06:43,328] [INFO]   Client 0: avg private loss = 0.0515
[2025-12-12 18:06:55,664] [INFO]   Client 1: avg private loss = 0.0337
[2025-12-12 18:07:08,237] [INFO]   Client 3: avg private loss = 0.0323
[2025-12-12 18:07:21,571] [INFO]   Client 6: avg private loss = 0.0100
[2025-12-12 18:07:34,165] [INFO]   Client 2: avg private loss = 0.0133
[2025-12-12 18:07:46,636] [INFO]   Client 9: avg private loss = 0.0256
[2025-12-12 18:07:46,636] [INFO] Evaluating at round 32...
[2025-12-12 18:07:53,622] [INFO] [Round 32] Val loss: 0.5849, Val acc: 85.05%, Test loss: 0.6078, Test acc: 84.72%, Test AvgConf: 0.9342, Test ECE: 0.0870, Test KS: 0.5351, (eval_time=6.98s)
[2025-12-12 18:07:53,623] [INFO] === Round 33/50 ===
[2025-12-12 18:07:53,623] [INFO] Selected clients: [7, 1, 3, 6, 5, 9, 2, 8, 4, 0]
[2025-12-12 18:07:58,865] [INFO] Round 33 avg KD loss on public data: 0.0741
[2025-12-12 18:07:58,865] [INFO] Round 33: running 3 local epochs on private data for selected clients.
[2025-12-12 18:08:11,236] [INFO]   Client 7: avg private loss = 0.0141
[2025-12-12 18:08:23,779] [INFO]   Client 1: avg private loss = 0.0305
[2025-12-12 18:08:36,095] [INFO]   Client 3: avg private loss = 0.0303
[2025-12-12 18:08:49,314] [INFO]   Client 6: avg private loss = 0.0092
[2025-12-12 18:09:02,148] [INFO]   Client 5: avg private loss = 0.0159
[2025-12-12 18:09:14,630] [INFO]   Client 9: avg private loss = 0.0238
[2025-12-12 18:09:27,323] [INFO]   Client 2: avg private loss = 0.0122
[2025-12-12 18:09:40,399] [INFO]   Client 8: avg private loss = 0.0126
[2025-12-12 18:09:53,036] [INFO]   Client 4: avg private loss = 0.0382
[2025-12-12 18:10:05,844] [INFO]   Client 0: avg private loss = 0.0438
[2025-12-12 18:10:05,844] [INFO] Evaluating at round 33...
[2025-12-12 18:10:12,868] [INFO] [Round 33] Val loss: 0.8277, Val acc: 71.83%, Test loss: 0.8443, Test acc: 71.64%, Test AvgConf: 0.8761, Test ECE: 0.1602, Test KS: 0.5991, (eval_time=7.02s)
[2025-12-12 18:10:12,869] [INFO] === Round 34/50 ===
[2025-12-12 18:10:12,869] [INFO] Selected clients: [4, 1, 6, 9, 8, 0, 5, 7, 3, 2]
[2025-12-12 18:10:18,259] [INFO] Round 34 avg KD loss on public data: 0.0735
[2025-12-12 18:10:18,259] [INFO] Round 34: running 3 local epochs on private data for selected clients.
[2025-12-12 18:10:30,892] [INFO]   Client 4: avg private loss = 0.0354
[2025-12-12 18:10:43,191] [INFO]   Client 1: avg private loss = 0.0308
[2025-12-12 18:10:56,482] [INFO]   Client 6: avg private loss = 0.0088
[2025-12-12 18:11:08,986] [INFO]   Client 9: avg private loss = 0.0234
[2025-12-12 18:11:22,213] [INFO]   Client 8: avg private loss = 0.0110
[2025-12-12 18:11:34,987] [INFO]   Client 0: avg private loss = 0.0440
[2025-12-12 18:11:47,760] [INFO]   Client 5: avg private loss = 0.0159
[2025-12-12 18:12:00,071] [INFO]   Client 7: avg private loss = 0.0132
[2025-12-12 18:12:12,434] [INFO]   Client 3: avg private loss = 0.0284
[2025-12-12 18:12:25,138] [INFO]   Client 2: avg private loss = 0.0112
[2025-12-12 18:12:25,138] [INFO] Evaluating at round 34...
[2025-12-12 18:12:32,211] [INFO] [Round 34] Val loss: 0.7858, Val acc: 75.53%, Test loss: 0.8207, Test acc: 75.12%, Test AvgConf: 0.9062, Test ECE: 0.1550, Test KS: 0.4753, (eval_time=7.07s)
[2025-12-12 18:12:32,212] [INFO] === Round 35/50 ===
[2025-12-12 18:12:32,212] [INFO] Selected clients: [4, 0, 1, 6, 2, 8, 9, 7, 5, 3]
[2025-12-12 18:12:37,665] [INFO] Round 35 avg KD loss on public data: 0.0729
[2025-12-12 18:12:37,665] [INFO] Round 35: running 3 local epochs on private data for selected clients.
[2025-12-12 18:12:50,271] [INFO]   Client 4: avg private loss = 0.0392
[2025-12-12 18:13:03,010] [INFO]   Client 0: avg private loss = 0.0467
[2025-12-12 18:13:15,370] [INFO]   Client 1: avg private loss = 0.0300
[2025-12-12 18:13:28,626] [INFO]   Client 6: avg private loss = 0.0087
[2025-12-12 18:13:41,339] [INFO]   Client 2: avg private loss = 0.0106
[2025-12-12 18:13:54,405] [INFO]   Client 8: avg private loss = 0.0110
[2025-12-12 18:14:06,901] [INFO]   Client 9: avg private loss = 0.0245
[2025-12-12 18:14:19,179] [INFO]   Client 7: avg private loss = 0.0122
[2025-12-12 18:14:31,888] [INFO]   Client 5: avg private loss = 0.0183
[2025-12-12 18:14:44,408] [INFO]   Client 3: avg private loss = 0.0279
[2025-12-12 18:14:44,408] [INFO] Evaluating at round 35...
[2025-12-12 18:14:51,436] [INFO] [Round 35] Val loss: 0.7579, Val acc: 76.03%, Test loss: 0.7924, Test acc: 75.52%, Test AvgConf: 0.9049, Test ECE: 0.1498, Test KS: 0.4844, (eval_time=7.03s)
[2025-12-12 18:14:51,436] [INFO] === Round 36/50 ===
[2025-12-12 18:14:51,436] [INFO] Selected clients: [9, 0, 3, 7, 6, 5, 1, 4, 8, 2]
[2025-12-12 18:14:56,835] [INFO] Round 36 avg KD loss on public data: 0.0710
[2025-12-12 18:14:56,835] [INFO] Round 36: running 3 local epochs on private data for selected clients.
[2025-12-12 18:15:09,259] [INFO]   Client 9: avg private loss = 0.0234
[2025-12-12 18:15:22,236] [INFO]   Client 0: avg private loss = 0.0426
[2025-12-12 18:15:34,621] [INFO]   Client 3: avg private loss = 0.0259
[2025-12-12 18:15:47,002] [INFO]   Client 7: avg private loss = 0.0119
[2025-12-12 18:16:00,287] [INFO]   Client 6: avg private loss = 0.0082
[2025-12-12 18:16:12,932] [INFO]   Client 5: avg private loss = 0.0143
[2025-12-12 18:16:25,647] [INFO]   Client 1: avg private loss = 0.0275
[2025-12-12 18:16:38,534] [INFO]   Client 4: avg private loss = 0.0356
[2025-12-12 18:16:51,586] [INFO]   Client 8: avg private loss = 0.0103
[2025-12-12 18:17:04,319] [INFO]   Client 2: avg private loss = 0.0101
[2025-12-12 18:17:04,319] [INFO] Evaluating at round 36...
[2025-12-12 18:17:11,341] [INFO] [Round 36] Val loss: 0.5350, Val acc: 82.35%, Test loss: 0.5820, Test acc: 81.45%, Test AvgConf: 0.8852, Test ECE: 0.0710, Test KS: 0.5336, (eval_time=7.02s)
[2025-12-12 18:17:11,341] [INFO] === Round 37/50 ===
[2025-12-12 18:17:11,341] [INFO] Selected clients: [1, 5, 2, 6, 4, 7, 9, 0, 3, 8]
[2025-12-12 18:17:16,656] [INFO] Round 37 avg KD loss on public data: 0.0696
[2025-12-12 18:17:16,656] [INFO] Round 37: running 3 local epochs on private data for selected clients.
[2025-12-12 18:17:28,994] [INFO]   Client 1: avg private loss = 0.0239
[2025-12-12 18:17:41,868] [INFO]   Client 5: avg private loss = 0.0139
[2025-12-12 18:17:54,508] [INFO]   Client 2: avg private loss = 0.0094
[2025-12-12 18:18:07,649] [INFO]   Client 6: avg private loss = 0.0079
[2025-12-12 18:18:20,200] [INFO]   Client 4: avg private loss = 0.0332
[2025-12-12 18:18:32,597] [INFO]   Client 7: avg private loss = 0.0111
[2025-12-12 18:18:45,161] [INFO]   Client 9: avg private loss = 0.0212
[2025-12-12 18:18:57,941] [INFO]   Client 0: avg private loss = 0.0416
[2025-12-12 18:19:10,416] [INFO]   Client 3: avg private loss = 0.0241
[2025-12-12 18:19:23,526] [INFO]   Client 8: avg private loss = 0.0099
[2025-12-12 18:19:23,526] [INFO] Evaluating at round 37...
[2025-12-12 18:19:30,482] [INFO] [Round 37] Val loss: 0.5782, Val acc: 82.45%, Test loss: 0.6238, Test acc: 81.30%, Test AvgConf: 0.8958, Test ECE: 0.0828, Test KS: 0.5221, (eval_time=6.96s)
[2025-12-12 18:19:30,483] [INFO] === Round 38/50 ===
[2025-12-12 18:19:30,483] [INFO] Selected clients: [8, 6, 4, 1, 5, 2, 3, 7, 9, 0]
[2025-12-12 18:19:35,932] [INFO] Round 38 avg KD loss on public data: 0.0680
[2025-12-12 18:19:35,932] [INFO] Round 38: running 3 local epochs on private data for selected clients.
[2025-12-12 18:19:48,954] [INFO]   Client 8: avg private loss = 0.0091
[2025-12-12 18:20:02,140] [INFO]   Client 6: avg private loss = 0.0074
[2025-12-12 18:20:14,698] [INFO]   Client 4: avg private loss = 0.0316
[2025-12-12 18:20:27,197] [INFO]   Client 1: avg private loss = 0.0227
[2025-12-12 18:20:40,002] [INFO]   Client 5: avg private loss = 0.0131
[2025-12-12 18:20:52,706] [INFO]   Client 2: avg private loss = 0.0092
[2025-12-12 18:21:05,188] [INFO]   Client 3: avg private loss = 0.0233
[2025-12-12 18:21:17,612] [INFO]   Client 7: avg private loss = 0.0108
[2025-12-12 18:21:30,022] [INFO]   Client 9: avg private loss = 0.0207
[2025-12-12 18:21:42,847] [INFO]   Client 0: avg private loss = 0.0409
[2025-12-12 18:21:42,847] [INFO] Evaluating at round 38...
[2025-12-12 18:21:49,967] [INFO] [Round 38] Val loss: 0.5927, Val acc: 85.02%, Test loss: 0.6183, Test acc: 84.80%, Test AvgConf: 0.9389, Test ECE: 0.0909, Test KS: 0.5351, (eval_time=7.12s)
[2025-12-12 18:21:49,967] [INFO] === Round 39/50 ===
[2025-12-12 18:21:49,967] [INFO] Selected clients: [3, 0, 1, 7, 6, 8, 2, 4, 9, 5]
[2025-12-12 18:21:55,526] [INFO] Round 39 avg KD loss on public data: 0.0666
[2025-12-12 18:21:55,526] [INFO] Round 39: running 3 local epochs on private data for selected clients.
[2025-12-12 18:22:07,910] [INFO]   Client 3: avg private loss = 0.0218
[2025-12-12 18:22:20,844] [INFO]   Client 0: avg private loss = 0.0389
[2025-12-12 18:22:33,165] [INFO]   Client 1: avg private loss = 0.0206
[2025-12-12 18:22:45,578] [INFO]   Client 7: avg private loss = 0.0103
[2025-12-12 18:22:58,794] [INFO]   Client 6: avg private loss = 0.0071
[2025-12-12 18:23:11,926] [INFO]   Client 8: avg private loss = 0.0086
[2025-12-12 18:23:24,565] [INFO]   Client 2: avg private loss = 0.0087
[2025-12-12 18:23:37,266] [INFO]   Client 4: avg private loss = 0.0308
[2025-12-12 18:23:49,658] [INFO]   Client 9: avg private loss = 0.0196
[2025-12-12 18:24:02,319] [INFO]   Client 5: avg private loss = 0.0120
[2025-12-12 18:24:02,319] [INFO] Evaluating at round 39...
[2025-12-12 18:24:09,302] [INFO] [Round 39] Val loss: 0.5329, Val acc: 83.35%, Test loss: 0.5425, Test acc: 83.22%, Test AvgConf: 0.9015, Test ECE: 0.0693, Test KS: 0.5222, (eval_time=6.98s)
[2025-12-12 18:24:09,302] [INFO] === Round 40/50 ===
[2025-12-12 18:24:09,303] [INFO] Selected clients: [8, 1, 5, 6, 2, 7, 3, 4, 9, 0]
[2025-12-12 18:24:14,745] [INFO] Round 40 avg KD loss on public data: 0.0657
[2025-12-12 18:24:14,746] [INFO] Round 40: running 3 local epochs on private data for selected clients.
[2025-12-12 18:24:27,787] [INFO]   Client 8: avg private loss = 0.0087
[2025-12-12 18:24:40,002] [INFO]   Client 1: avg private loss = 0.0211
[2025-12-12 18:24:52,705] [INFO]   Client 5: avg private loss = 0.0129
[2025-12-12 18:25:06,104] [INFO]   Client 6: avg private loss = 0.0068
[2025-12-12 18:25:18,732] [INFO]   Client 2: avg private loss = 0.0083
[2025-12-12 18:25:31,085] [INFO]   Client 7: avg private loss = 0.0094
[2025-12-12 18:25:43,455] [INFO]   Client 3: avg private loss = 0.0200
[2025-12-12 18:25:56,101] [INFO]   Client 4: avg private loss = 0.0304
[2025-12-12 18:26:08,617] [INFO]   Client 9: avg private loss = 0.0217
[2025-12-12 18:26:21,523] [INFO]   Client 0: avg private loss = 0.0365
[2025-12-12 18:26:21,523] [INFO] Evaluating at round 40...
[2025-12-12 18:26:28,558] [INFO] [Round 40] Val loss: 0.5928, Val acc: 85.20%, Test loss: 0.6168, Test acc: 84.87%, Test AvgConf: 0.9394, Test ECE: 0.0907, Test KS: 0.5353, (eval_time=7.03s)
[2025-12-12 18:26:28,559] [INFO] === Round 41/50 ===
[2025-12-12 18:26:28,559] [INFO] Selected clients: [2, 6, 8, 1, 4, 5, 7, 3, 9, 0]
[2025-12-12 18:26:34,027] [INFO] Round 41 avg KD loss on public data: 0.0654
[2025-12-12 18:26:34,027] [INFO] Round 41: running 3 local epochs on private data for selected clients.
[2025-12-12 18:26:46,952] [INFO]   Client 2: avg private loss = 0.0082
[2025-12-12 18:27:00,145] [INFO]   Client 6: avg private loss = 0.0069
[2025-12-12 18:27:13,344] [INFO]   Client 8: avg private loss = 0.0083
[2025-12-12 18:27:25,570] [INFO]   Client 1: avg private loss = 0.0200
[2025-12-12 18:27:38,436] [INFO]   Client 4: avg private loss = 0.0287
[2025-12-12 18:27:51,126] [INFO]   Client 5: avg private loss = 0.0111
[2025-12-12 18:28:03,455] [INFO]   Client 7: avg private loss = 0.0091
[2025-12-12 18:28:16,000] [INFO]   Client 3: avg private loss = 0.0197
[2025-12-12 18:28:28,547] [INFO]   Client 9: avg private loss = 0.0164
[2025-12-12 18:28:41,462] [INFO]   Client 0: avg private loss = 0.0386
[2025-12-12 18:28:41,462] [INFO] Evaluating at round 41...
[2025-12-12 18:28:48,550] [INFO] [Round 41] Val loss: 0.8400, Val acc: 79.82%, Test loss: 0.8499, Test acc: 79.95%, Test AvgConf: 0.9217, Test ECE: 0.1227, Test KS: 0.4747, (eval_time=7.09s)
[2025-12-12 18:28:48,551] [INFO] === Round 42/50 ===
[2025-12-12 18:28:48,551] [INFO] Selected clients: [5, 1, 3, 9, 6, 0, 7, 4, 8, 2]
[2025-12-12 18:28:54,186] [INFO] Round 42 avg KD loss on public data: 0.0619
[2025-12-12 18:28:54,186] [INFO] Round 42: running 3 local epochs on private data for selected clients.
[2025-12-12 18:29:07,051] [INFO]   Client 5: avg private loss = 0.0109
[2025-12-12 18:29:19,346] [INFO]   Client 1: avg private loss = 0.0187
[2025-12-12 18:29:31,776] [INFO]   Client 3: avg private loss = 0.0194
[2025-12-12 18:29:44,207] [INFO]   Client 9: avg private loss = 0.0157
[2025-12-12 18:29:57,582] [INFO]   Client 6: avg private loss = 0.0065
[2025-12-12 18:30:10,371] [INFO]   Client 0: avg private loss = 0.0380
[2025-12-12 18:30:22,644] [INFO]   Client 7: avg private loss = 0.0083
[2025-12-12 18:30:35,282] [INFO]   Client 4: avg private loss = 0.0283
[2025-12-12 18:30:48,327] [INFO]   Client 8: avg private loss = 0.0079
[2025-12-12 18:31:01,060] [INFO]   Client 2: avg private loss = 0.0076
[2025-12-12 18:31:01,060] [INFO] Evaluating at round 42...
[2025-12-12 18:31:08,058] [INFO] [Round 42] Val loss: 0.5032, Val acc: 84.63%, Test loss: 0.5449, Test acc: 84.04%, Test AvgConf: 0.9163, Test ECE: 0.0764, Test KS: 0.5546, (eval_time=7.00s)
[2025-12-12 18:31:08,059] [INFO] === Round 43/50 ===
[2025-12-12 18:31:08,059] [INFO] Selected clients: [5, 1, 2, 8, 9, 7, 4, 6, 3, 0]
[2025-12-12 18:31:13,521] [INFO] Round 43 avg KD loss on public data: 0.0602
[2025-12-12 18:31:13,521] [INFO] Round 43: running 3 local epochs on private data for selected clients.
[2025-12-12 18:31:26,155] [INFO]   Client 5: avg private loss = 0.0108
[2025-12-12 18:31:38,515] [INFO]   Client 1: avg private loss = 0.0180
[2025-12-12 18:31:51,122] [INFO]   Client 2: avg private loss = 0.0073
[2025-12-12 18:32:04,305] [INFO]   Client 8: avg private loss = 0.0076
[2025-12-12 18:32:16,705] [INFO]   Client 9: avg private loss = 0.0143
[2025-12-12 18:32:29,138] [INFO]   Client 7: avg private loss = 0.0080
[2025-12-12 18:32:41,658] [INFO]   Client 4: avg private loss = 0.0290
[2025-12-12 18:32:54,837] [INFO]   Client 6: avg private loss = 0.0061
[2025-12-12 18:33:07,289] [INFO]   Client 3: avg private loss = 0.0185
[2025-12-12 18:33:20,104] [INFO]   Client 0: avg private loss = 0.0345
[2025-12-12 18:33:20,104] [INFO] Evaluating at round 43...
[2025-12-12 18:33:27,124] [INFO] [Round 43] Val loss: 0.4979, Val acc: 84.73%, Test loss: 0.5385, Test acc: 84.21%, Test AvgConf: 0.9168, Test ECE: 0.0749, Test KS: 0.5607, (eval_time=7.02s)
[2025-12-12 18:33:27,125] [INFO] === Round 44/50 ===
[2025-12-12 18:33:27,125] [INFO] Selected clients: [0, 3, 4, 2, 7, 5, 6, 9, 8, 1]
[2025-12-12 18:33:32,702] [INFO] Round 44 avg KD loss on public data: 0.0605
[2025-12-12 18:33:32,702] [INFO] Round 44: running 3 local epochs on private data for selected clients.
[2025-12-12 18:33:45,477] [INFO]   Client 0: avg private loss = 0.0365
[2025-12-12 18:33:57,866] [INFO]   Client 3: avg private loss = 0.0173
[2025-12-12 18:34:10,502] [INFO]   Client 4: avg private loss = 0.0273
[2025-12-12 18:34:23,122] [INFO]   Client 2: avg private loss = 0.0067
[2025-12-12 18:34:35,430] [INFO]   Client 7: avg private loss = 0.0082
[2025-12-12 18:34:48,283] [INFO]   Client 5: avg private loss = 0.0109
[2025-12-12 18:35:01,516] [INFO]   Client 6: avg private loss = 0.0061
[2025-12-12 18:35:13,906] [INFO]   Client 9: avg private loss = 0.0146
[2025-12-12 18:35:26,951] [INFO]   Client 8: avg private loss = 0.0072
[2025-12-12 18:35:39,199] [INFO]   Client 1: avg private loss = 0.0173
[2025-12-12 18:35:39,199] [INFO] Evaluating at round 44...
[2025-12-12 18:35:46,229] [INFO] [Round 44] Val loss: 0.8613, Val acc: 75.27%, Test loss: 0.9054, Test acc: 75.04%, Test AvgConf: 0.9127, Test ECE: 0.1624, Test KS: 0.4491, (eval_time=7.03s)
[2025-12-12 18:35:46,230] [INFO] === Round 45/50 ===
[2025-12-12 18:35:46,230] [INFO] Selected clients: [8, 0, 3, 4, 7, 2, 9, 6, 5, 1]
[2025-12-12 18:35:51,629] [INFO] Round 45 avg KD loss on public data: 0.0580
[2025-12-12 18:35:51,629] [INFO] Round 45: running 3 local epochs on private data for selected clients.
[2025-12-12 18:36:04,710] [INFO]   Client 8: avg private loss = 0.0073
[2025-12-12 18:36:17,513] [INFO]   Client 0: avg private loss = 0.0358
[2025-12-12 18:36:29,981] [INFO]   Client 3: avg private loss = 0.0165
[2025-12-12 18:36:42,627] [INFO]   Client 4: avg private loss = 0.0267
[2025-12-12 18:36:54,983] [INFO]   Client 7: avg private loss = 0.0076
[2025-12-12 18:37:07,660] [INFO]   Client 2: avg private loss = 0.0066
[2025-12-12 18:37:20,065] [INFO]   Client 9: avg private loss = 0.0141
[2025-12-12 18:37:33,247] [INFO]   Client 6: avg private loss = 0.0058
[2025-12-12 18:37:46,046] [INFO]   Client 5: avg private loss = 0.0099
[2025-12-12 18:37:58,390] [INFO]   Client 1: avg private loss = 0.0177
[2025-12-12 18:37:58,390] [INFO] Evaluating at round 45...
[2025-12-12 18:38:05,431] [INFO] [Round 45] Val loss: 0.6043, Val acc: 85.30%, Test loss: 0.6277, Test acc: 84.95%, Test AvgConf: 0.9422, Test ECE: 0.0927, Test KS: 0.5328, (eval_time=7.04s)
[2025-12-12 18:38:05,431] [INFO] === Round 46/50 ===
[2025-12-12 18:38:05,431] [INFO] Selected clients: [9, 3, 6, 1, 4, 5, 2, 8, 0, 7]
[2025-12-12 18:38:10,861] [INFO] Round 46 avg KD loss on public data: 0.0581
[2025-12-12 18:38:10,861] [INFO] Round 46: running 3 local epochs on private data for selected clients.
[2025-12-12 18:38:23,354] [INFO]   Client 9: avg private loss = 0.0134
[2025-12-12 18:38:35,804] [INFO]   Client 3: avg private loss = 0.0163
[2025-12-12 18:38:49,053] [INFO]   Client 6: avg private loss = 0.0060
[2025-12-12 18:39:01,476] [INFO]   Client 1: avg private loss = 0.0152
[2025-12-12 18:39:14,240] [INFO]   Client 4: avg private loss = 0.0255
[2025-12-12 18:39:26,981] [INFO]   Client 5: avg private loss = 0.0090
[2025-12-12 18:39:39,737] [INFO]   Client 2: avg private loss = 0.0064
[2025-12-12 18:39:52,776] [INFO]   Client 8: avg private loss = 0.0066
[2025-12-12 18:40:05,522] [INFO]   Client 0: avg private loss = 0.0343
[2025-12-12 18:40:17,835] [INFO]   Client 7: avg private loss = 0.0075
[2025-12-12 18:40:17,835] [INFO] Evaluating at round 46...
[2025-12-12 18:40:24,909] [INFO] [Round 46] Val loss: 0.5173, Val acc: 83.50%, Test loss: 0.5659, Test acc: 82.63%, Test AvgConf: 0.8973, Test ECE: 0.0718, Test KS: 0.5305, (eval_time=7.07s)
[2025-12-12 18:40:24,909] [INFO] === Round 47/50 ===
[2025-12-12 18:40:24,909] [INFO] Selected clients: [5, 6, 7, 9, 8, 3, 4, 0, 1, 2]
[2025-12-12 18:40:30,311] [INFO] Round 47 avg KD loss on public data: 0.0560
[2025-12-12 18:40:30,311] [INFO] Round 47: running 3 local epochs on private data for selected clients.
[2025-12-12 18:40:42,923] [INFO]   Client 5: avg private loss = 0.0087
[2025-12-12 18:40:56,104] [INFO]   Client 6: avg private loss = 0.0055
[2025-12-12 18:41:08,443] [INFO]   Client 7: avg private loss = 0.0071
[2025-12-12 18:41:20,870] [INFO]   Client 9: avg private loss = 0.0126
[2025-12-12 18:41:33,887] [INFO]   Client 8: avg private loss = 0.0068
[2025-12-12 18:41:46,295] [INFO]   Client 3: avg private loss = 0.0149
[2025-12-12 18:41:58,882] [INFO]   Client 4: avg private loss = 0.0253
[2025-12-12 18:42:11,729] [INFO]   Client 0: avg private loss = 0.0294
[2025-12-12 18:42:24,195] [INFO]   Client 1: avg private loss = 0.0176
[2025-12-12 18:42:36,900] [INFO]   Client 2: avg private loss = 0.0063
[2025-12-12 18:42:36,900] [INFO] Evaluating at round 47...
[2025-12-12 18:42:43,916] [INFO] [Round 47] Val loss: 0.4955, Val acc: 84.97%, Test loss: 0.5383, Test acc: 84.43%, Test AvgConf: 0.9198, Test ECE: 0.0760, Test KS: 0.5630, (eval_time=7.02s)
[2025-12-12 18:42:43,916] [INFO] === Round 48/50 ===
[2025-12-12 18:42:43,917] [INFO] Selected clients: [1, 8, 4, 2, 9, 6, 5, 7, 0, 3]
[2025-12-12 18:42:49,234] [INFO] Round 48 avg KD loss on public data: 0.0550
[2025-12-12 18:42:49,234] [INFO] Round 48: running 3 local epochs on private data for selected clients.
[2025-12-12 18:43:01,386] [INFO]   Client 1: avg private loss = 0.0140
[2025-12-12 18:43:14,669] [INFO]   Client 8: avg private loss = 0.0063
[2025-12-12 18:43:27,245] [INFO]   Client 4: avg private loss = 0.0234
[2025-12-12 18:43:39,943] [INFO]   Client 2: avg private loss = 0.0060
[2025-12-12 18:43:52,525] [INFO]   Client 9: avg private loss = 0.0116
[2025-12-12 18:44:05,937] [INFO]   Client 6: avg private loss = 0.0052
[2025-12-12 18:44:18,559] [INFO]   Client 5: avg private loss = 0.0085
[2025-12-12 18:44:30,808] [INFO]   Client 7: avg private loss = 0.0068
[2025-12-12 18:44:43,653] [INFO]   Client 0: avg private loss = 0.0302
[2025-12-12 18:44:56,034] [INFO]   Client 3: avg private loss = 0.0142
[2025-12-12 18:44:56,034] [INFO] Evaluating at round 48...
[2025-12-12 18:45:03,036] [INFO] [Round 48] Val loss: 0.5704, Val acc: 83.30%, Test loss: 0.6184, Test acc: 82.48%, Test AvgConf: 0.9101, Test ECE: 0.0853, Test KS: 0.5295, (eval_time=7.00s)
[2025-12-12 18:45:03,036] [INFO] === Round 49/50 ===
[2025-12-12 18:45:03,037] [INFO] Selected clients: [4, 3, 8, 0, 2, 5, 6, 7, 9, 1]
[2025-12-12 18:45:08,487] [INFO] Round 49 avg KD loss on public data: 0.0558
[2025-12-12 18:45:08,487] [INFO] Round 49: running 3 local epochs on private data for selected clients.
[2025-12-12 18:45:21,037] [INFO]   Client 4: avg private loss = 0.0234
[2025-12-12 18:45:33,434] [INFO]   Client 3: avg private loss = 0.0137
[2025-12-12 18:45:46,526] [INFO]   Client 8: avg private loss = 0.0060
[2025-12-12 18:45:59,396] [INFO]   Client 0: avg private loss = 0.0288
[2025-12-12 18:46:12,069] [INFO]   Client 2: avg private loss = 0.0058
[2025-12-12 18:46:24,725] [INFO]   Client 5: avg private loss = 0.0092
[2025-12-12 18:46:38,075] [INFO]   Client 6: avg private loss = 0.0051
[2025-12-12 18:46:50,451] [INFO]   Client 7: avg private loss = 0.0068
[2025-12-12 18:47:03,004] [INFO]   Client 9: avg private loss = 0.0118
[2025-12-12 18:47:15,287] [INFO]   Client 1: avg private loss = 0.0151
[2025-12-12 18:47:15,287] [INFO] Evaluating at round 49...
[2025-12-12 18:47:22,305] [INFO] [Round 49] Val loss: 0.7516, Val acc: 77.18%, Test loss: 0.7867, Test acc: 76.49%, Test AvgConf: 0.9136, Test ECE: 0.1487, Test KS: 0.5089, (eval_time=7.02s)
[2025-12-12 18:47:22,306] [INFO] === Round 50/50 ===
[2025-12-12 18:47:22,306] [INFO] Selected clients: [8, 4, 7, 6, 2, 1, 3, 0, 9, 5]
[2025-12-12 18:47:27,850] [INFO] Round 50 avg KD loss on public data: 0.0518
[2025-12-12 18:47:27,850] [INFO] Round 50: running 3 local epochs on private data for selected clients.
[2025-12-12 18:47:40,929] [INFO]   Client 8: avg private loss = 0.0060
[2025-12-12 18:47:53,471] [INFO]   Client 4: avg private loss = 0.0220
[2025-12-12 18:48:05,840] [INFO]   Client 7: avg private loss = 0.0065
[2025-12-12 18:48:19,066] [INFO]   Client 6: avg private loss = 0.0049
[2025-12-12 18:48:31,720] [INFO]   Client 2: avg private loss = 0.0056
[2025-12-12 18:48:43,997] [INFO]   Client 1: avg private loss = 0.0130
[2025-12-12 18:48:56,393] [INFO]   Client 3: avg private loss = 0.0134
[2025-12-12 18:49:09,170] [INFO]   Client 0: avg private loss = 0.0289
[2025-12-12 18:49:21,557] [INFO]   Client 9: avg private loss = 0.0266
[2025-12-12 18:49:34,243] [INFO]   Client 5: avg private loss = 0.0078
[2025-12-12 18:49:34,243] [INFO] Evaluating at round 50...
[2025-12-12 18:49:41,356] [INFO] [Round 50] Val loss: 0.6064, Val acc: 85.22%, Test loss: 0.6313, Test acc: 85.01%, Test AvgConf: 0.9436, Test ECE: 0.0935, Test KS: 0.5329, (eval_time=7.11s)
[2025-12-12 18:49:41,356] [INFO] Federated distillation completed.
[2025-12-12 18:49:41,356] [INFO] Training finished.
